<?xml version="1.0" encoding="UTF-8"?>
<!-- Generated by org.testng.reporters.JUnitReportReporter -->
<testsuite hostname="LAPTOP-G3UQQ45K" failures="0" tests="2" name="com.comcast.crm.cont2.CreateContactTest" time="0.005" errors="0" timestamp="2025-03-14T17:59:22 IST" skipped="0">
  <testcase classname="com.comcast.crm.cont2.CreateContactTest" name="createContactWithDate" time="0.003"/>
  <system-out/>
  <testcase classname="com.comcast.crm.cont2.CreateContactTest" name="createContact" time="0.002"/>
  <system-out/>
</testsuite> <!-- com.comcast.crm.cont2.CreateContactTest -->
