<?xml version="1.0" encoding="UTF-8"?>
<!-- Generated by org.testng.reporters.JUnitReportReporter -->
<testsuite hostname="LAPTOP-G3UQQ45K" failures="0" tests="2" name="com.comcast.crm.contacttestnew.CreateContactTest$CreatContactTest" time="0.008" errors="0" timestamp="2025-03-14T16:22:22 IST" skipped="0">
  <testcase classname="com.comcast.crm.contacttestnew.CreateContactTest$CreatContactTest" name="createContact" time="0.004"/>
  <system-out/>
  <testcase classname="com.comcast.crm.contacttestnew.CreateContactTest$CreatContactTest" name="createContactWithDate" time="0.004"/>
  <system-out/>
</testsuite> <!-- com.comcast.crm.contacttestnew.CreateContactTest$CreatContactTest -->
