<?xml version="1.0" encoding="UTF-8"?>
<!-- Generated by org.testng.reporters.JUnitReportReporter -->
<testsuite hostname="LAPTOP-G3UQQ45K" failures="0" tests="1" name="practice.NetworkTest" time="2.608" errors="0" timestamp="2025-03-19T10:31:00 IST" skipped="0">
  <testcase classname="practice.NetworkTest" name="activateSim" time="2.608"/>
  <system-out/>
</testsuite> <!-- practice.NetworkTest -->
