<?xml version="1.0" encoding="UTF-8"?>
<!-- Generated by org.testng.reporters.JUnitReportReporter -->
<testsuite hostname="LAPTOP-G3UQQ45K" failures="0" tests="1" name="practice.SampleReportTest" time="3.870" errors="0" timestamp="2025-03-19T23:26:15 IST" skipped="0">
  <testcase classname="practice.SampleReportTest" name="createContactTest" time="3.870"/>
  <system-out/>
</testsuite> <!-- practice.SampleReportTest -->
