<?xml version="1.0" encoding="UTF-8"?>
<!-- Generated by org.testng.reporters.JUnitReportReporter -->
<testsuite hostname="LAPTOP-G3UQQ45K" failures="0" tests="2" name="com.comacast.crm.orgtest1.CreateOrgTest" time="0.013" errors="0" timestamp="2025-03-14T17:59:22 IST" skipped="0">
  <testcase classname="com.comacast.crm.orgtest1.CreateOrgTest" name="createOrgTest" time="0.011"/>
  <system-out/>
  <testcase classname="com.comacast.crm.orgtest1.CreateOrgTest" name="createOrgWithIndustries" time="0.002"/>
  <system-out/>
</testsuite> <!-- com.comacast.crm.orgtest1.CreateOrgTest -->
