<?xml version="1.0" encoding="UTF-8"?>
<!-- Generated by org.testng.reporters.JUnitReportReporter -->
<testsuite hostname="LAPTOP-G3UQQ45K" failures="0" tests="2" name="com.comacast.crm.orgtestnew.CreatContactTest" time="0.013" errors="0" timestamp="2025-03-14T15:37:03 IST" skipped="0">
  <testcase classname="com.comacast.crm.orgtestnew.CreatContactTest" name="createContactWithDate" time="0.001"/>
  <system-out/>
  <testcase classname="com.comacast.crm.orgtestnew.CreatContactTest" name="createContact" time="0.012"/>
  <system-out/>
</testsuite> <!-- com.comacast.crm.orgtestnew.CreatContactTest -->
