<?xml version="1.0" encoding="UTF-8"?>
<!-- Generated by org.testng.reporters.JUnitReportReporter -->
<testsuite hostname="LAPTOP-G3UQQ45K" failures="0" tests="2" name="testngpractice.CreateContactTest" time="0.019" errors="0" timestamp="2025-03-14T10:48:47 IST" skipped="0">
  <testcase classname="testngpractice.CreateContactTest" name="createContactWithMobileNumberTest" time="0.003"/>
  <system-out/>
  <testcase classname="testngpractice.CreateContactTest" name="createContactTest" time="0.016"/>
  <system-out/>
</testsuite> <!-- testngpractice.CreateContactTest -->
