<?xml version="1.0" encoding="UTF-8"?>
<!-- Generated by org.testng.reporters.JUnitReportReporter -->
<testsuite hostname="LAPTOP-G3UQQ45K" failures="0" tests="1" name="practice.SampleTestForScreenshot" time="7.701" errors="0" timestamp="2025-03-18T16:17:35 IST" skipped="0">
  <testcase classname="practice.SampleTestForScreenshot" name="amazonTest" time="7.701"/>
  <system-out/>
</testsuite> <!-- practice.SampleTestForScreenshot -->
