<?xml version="1.0" encoding="UTF-8"?>
<!-- Generated by org.testng.reporters.JUnitReportReporter -->
<testsuite hostname="LAPTOP-G3UQQ45K" failures="0" tests="2" name="com.comcast.crm.contacttestreal1.CreateContactTestReal" time="14.145" errors="0" timestamp="2025-03-17T10:59:00 IST" skipped="0">
  <testcase classname="com.comcast.crm.contacttestreal1.CreateContactTestReal" name="CreateContactWithSupportDate" time="7.801"/>
  <system-out/>
  <testcase classname="com.comcast.crm.contacttestreal1.CreateContactTestReal" name="CreateContactTest" time="6.344"/>
  <system-out/>
</testsuite> <!-- com.comcast.crm.contacttestreal1.CreateContactTestReal -->
