<?xml version="1.0" encoding="UTF-8"?>
<!-- Generated by org.testng.reporters.JUnitReportReporter -->
<testsuite hostname="LAPTOP-G3UQQ45K" failures="0" tests="2" name="com.comacast.crm.orgtestnew.CreatOrgTest" time="0.012" errors="0" timestamp="2025-03-14T16:22:22 IST" skipped="0">
  <testcase classname="com.comacast.crm.orgtestnew.CreatOrgTest" name="createOrgWithIndustries" time="0.004"/>
  <system-out/>
  <testcase classname="com.comacast.crm.orgtestnew.CreatOrgTest" name="createOrgTest" time="0.008"/>
  <system-out/>
</testsuite> <!-- com.comacast.crm.orgtestnew.CreatOrgTest -->
