<?xml version="1.0" encoding="UTF-8"?>
<!-- Generated by org.testng.reporters.JUnitReportReporter -->
<testsuite hostname="LAPTOP-G3UQQ45K" failures="0" tests="3" name="com.comcast.crm.contacttestreal1.CreateContactRealTest" time="20.378" errors="0" timestamp="2025-03-21T16:17:45 IST" skipped="0">
  <testcase classname="com.comcast.crm.contacttestreal1.CreateContactRealTest" name="CreateContactWithOrg" time="10.242"/>
  <system-out/>
  <testcase classname="com.comcast.crm.contacttestreal1.CreateContactRealTest" name="CreateContactTest" time="5.407"/>
  <system-out/>
  <testcase classname="com.comcast.crm.contacttestreal1.CreateContactRealTest" name="CreateContactWithSupportDate" time="4.729"/>
  <system-out/>
</testsuite> <!-- com.comcast.crm.contacttestreal1.CreateContactRealTest -->
